-----2023-06-29 08:10:21-----
eden.d@variscite.com


-----2023-06-29 08:10:21-----
eden.d@variscite.com


-----2023-09-26 12:20:13-----
gary.metalle@rvl.co.uk


-----2023-09-26 12:20:14-----
gary.metalle@rvl.co.uk


-----2023-09-28 13:20:13-----
achillon@idbotic.com


-----2023-09-28 13:20:14-----
achillon@idbotic.com


-----2023-09-28 13:20:14-----
achillon@idbotic.com


-----2023-09-28 13:20:15-----
achillon@idbotic.com


-----2023-11-15 00:30:18-----
tlsehdgk3@tardistechnology.com


-----2023-12-13 13:45:14-----
A@A.COM


-----2023-12-18 14:35:15-----
natska.namkhai@inspiration-healthcare.com


-----2024-02-04 16:55:16-----
andry.rakotomanga@hotmail.com


-----2024-03-13 12:20:19-----
310993999@qq.com


-----2024-03-13 12:20:20-----
310993999@qq.com


-----2024-03-13 12:20:20-----
310993999@qq.com


-----2024-04-18 13:39:06-----
marc.vauclair@nxp.com


-----2024-04-18 13:39:06-----
marc.vauclair@nxp.com


-----2024-04-18 13:39:07-----
marc.vauclair@nxp.com


-----2024-04-23 13:37:06-----
djones@rccfiber.com


